<?xml version="1.0" encoding="UTF-8"?>
<testsuite name="utility.CoinTossTest" tests="2" skipped="0" failures="0" errors="0" timestamp="2021-04-08T07:23:07" hostname="LAPTOP-GFK8P9AB" time="0.182">
  <properties/>
  <testcase name="testIfProbabilityIsOneFourthForJointProbabilityOfHeadAndTailToss()" classname="utility.CoinTossTest" time="0.1"/>
  <testcase name="testIfProbabilityOfHeadsAndTailsInACoinTossAreEqual()" classname="utility.CoinTossTest" time="0.037"/>
  <system-out><![CDATA[]]></system-out>
  <system-err><![CDATA[]]></system-err>
</testsuite>
