<?xml version="1.0" encoding="UTF-8"?>
<testsuite name="utility.CoinTest" tests="1" skipped="0" failures="0" errors="0" timestamp="2021-04-05T09:35:25" hostname="LAPTOP-GFK8P9AB" time="0.076">
  <properties/>
  <testcase name="testIfProbabilityOfHeadsAndTailsInACoinTossAreEqual()" classname="utility.CoinTest" time="0.076"/>
  <system-out><![CDATA[]]></system-out>
  <system-err><![CDATA[]]></system-err>
</testsuite>
