<?xml version="1.0" encoding="UTF-8"?>
<testsuite name="utility.CoinTossTest" tests="1" skipped="0" failures="0" errors="0" timestamp="2021-04-09T06:50:50" hostname="LAPTOP-GFK8P9AB" time="0.148">
  <properties/>
  <testcase name="testIfProbabilityOfTailTossWhichIsNotOccurringIsHalf()" classname="utility.CoinTossTest" time="0.148"/>
  <system-out><![CDATA[]]></system-out>
  <system-err><![CDATA[]]></system-err>
</testsuite>
